Arguments: 
  C:\Program Files\nodejs\node.exe C:\Users\sarauerm\AppData\Roaming\npm\node_modules\yarn\bin\yarn.js

PATH: 
  c:\Users\sarauerm\AppData\Roaming\Code\User\globalStorage\microsoft-isvexptools.powerplatform-vscode\pac\tools;C:\Program Files (x86)\Common Files\Oracle\Java\javapath;C:\Program Files (x86)\Microsoft SDKs\Azure\CLI2\wbin;C:\WINDOWS\system32;C:\WINDOWS;C:\WINDOWS\System32\Wbem;C:\WINDOWS\System32\WindowsPowerShell\v1.0\;C:\WINDOWS\System32\OpenSSH\;C:\Program Files\1E\Client\Extensibility\NomadBranch;C:\Program Files\Novell\iPrint;C:\Program Files (x86)\Webex\Webex\Applications;C:\Program Files\Git\cmd;C:\Program Files\PuTTY\;C:\Users\sarauerm\AppData\Roaming\nvm;C:\Program Files\nodejs;C:\Users\sarauerm\AppData\Roaming\npm;C:\Program Files\nodejs;C:\Strawberry\c\bin;C:\Strawberry\perl\site\bin;C:\Strawberry\perl\bin;C:\Program Files\Docker\Docker\resources\bin;C:\ProgramData\DockerDesktop\version-bin;C:\Program Files\PostgreSQL\14\bin;C:\Users\sarauerm\AppData\Local\Microsoft\PowerAppsCLI\;C:\Users\sarauerm\AppData\Local\Microsoft\WindowsApps;C:\Users\sarauerm\AppData\Roaming\npm;C:\Users\sarauerm\AppData\Local\Programs\Microsoft VS Code\bin;C:\Users\sarauerm\AppData\Local\Programs\Hyper\resources\bin;C:\ProgramData\chocoportable\bin;C:\Program Files\Git\bin\;C:\Program Files\Git\cmd;C:\Users\sarauerm\AppData\Roaming\nvm;C:\Program Files\nodejs;C:\Program Files\nodejs;'C:\Program Files\PostgreSQL\14\bin\;

Yarn version: 
  1.22.17

Node version: 
  16.14.2

Platform: 
  win32 x64

Trace: 
  Error: getaddrinfo ENOENT registry.yarnpkg.com
      at GetAddrInfoReqWrap.onlookup [as oncomplete] (node:dns:71:26)

npm manifest: 
  {
  	"name": "baby-names",
  	"version": "0.0.1",
  	"engines": {
  		"node": "16.14.2"
  	},
  	"scripts": {
  		"dev": "svelte-kit dev --host 0.0.0.0",
  		"build": "svelte-kit build",
  		"package": "svelte-kit package",
  		"preview": "svelte-kit preview",
  		"prepare": "svelte-kit sync",
  		"test": "playwright test",
  		"check": "svelte-check --tsconfig ./tsconfig.json",
  		"check:watch": "svelte-check --tsconfig ./tsconfig.json --watch",
  		"lint": "prettier --ignore-path .gitignore --check --plugin-search-dir=. . && eslint --ignore-path .gitignore .",
  		"format": "prettier --ignore-path .gitignore --write --plugin-search-dir=. ."
  	},
  	"devDependencies": {
  		"@playwright/test": "^1.21.0",
  		"@sveltejs/kit": "next",
  		"@typescript-eslint/eslint-plugin": "^5.10.1",
  		"@typescript-eslint/parser": "^5.10.1",
  		"autoprefixer": "^10.4.7",
  		"eslint": "^7.32.0",
  		"eslint-config-prettier": "^8.3.0",
  		"eslint-plugin-svelte3": "^3.2.1",
  		"postcss": "^8.4.14",
  		"prettier": "^2.5.1",
  		"prettier-plugin-svelte": "^2.5.0",
  		"svelte": "^3.44.0",
  		"svelte-adapter-azure-swa": "^0.6.1",
  		"svelte-check": "^2.2.6",
  		"svelte-preprocess": "^4.10.6",
  		"tailwindcss": "^3.0.24",
  		"tslib": "^2.3.1",
  		"typescript": "~4.6.2"
  	},
  	"type": "module",
  	"dependencies": {
  		"@supabase/supabase-js": "^1.35.2",
  		"@sveltejs/adapter-auto": "^1.0.0-next.40",
  		"daisyui": "^2.15.2",
  		"dotenv": "^16.0.0",
  		"install": "^0.13.0",
  		"npm": "^8.9.0",
  		"svelte-confetti": "^1.2.0",
  		"svelte-icons": "^2.1.0"
  	}
  }

yarn manifest: 
  No manifest

Lockfile: 
  No lockfile
